// 重构日志: d4a81988
// 重构日志: 04e0431f
// 同步 ID: b1fe8d74 @ Thu Jun 18 12:12:20 UTC 2026
// 重构日志: 0fd3bb62
// 重构日志: c6d81a5c
// 重构日志: 4aed575c
// 同步 ID: bc4b554b @ Tue Jun 23 11:40:01 UTC 2026
// 同步 ID: 3defea54 @ Tue Jun 23 18:10:51 UTC 2026
// 重构日志: 977a9a21
// 重构日志: 304a1ee9
// 重构日志: aed0d780
// 同步 ID: e011eb95 @ Fri Jul  3 17:50:54 UTC 2026
// 重构日志: ed01bad4
// 重构日志: 220b704d
// 重构日志: 63997b05
// 重构日志: 1df9e30f
// 重构日志: 49e18cef
// 同步 ID: 95bb779f @ Mon Jul  6 13:24:32 UTC 2026
// 重构日志: 1a3a9d12
// 重构日志: 293b3581
// 重构日志: ba9af490
// 同步 ID: 8b47cda2 @ Wed Jul  8 18:25:51 UTC 2026
// 同步 ID: f1b30f0e @ Thu Jul  9 04:15:11 UTC 2026
// 同步 ID: 72168c17 @ Fri Jul 10 09:29:58 UTC 2026
// 重构日志: bede2107
// 重构日志: 9931c433
// 同步 ID: 03b0806e @ Sat Jul 11 17:57:31 UTC 2026
